-- The C compiler identification is GNU 11.4.0
-- The CXX compiler identification is GNU 11.4.0
-- Detecting C compiler ABI info
-- Detecting C compiler ABI info - done
-- Check for working C compiler: /usr/bin/cc - skipped
-- Detecting C compile features
-- Detecting C compile features - done
-- Detecting CXX compiler ABI info
-- Detecting CXX compiler ABI info - done
-- Check for working CXX compiler: /usr/bin/c++ - skipped
-- Detecting CXX compile features
-- Detecting CXX compile features - done
-- Found ament_cmake: 1.3.5 (/opt/ros/humble/share/ament_cmake/cmake)
-- Found Python3: /usr/bin/python3.10 (found version "3.10.12") found components: Interpreter 
-- Found tf2_geometry_msgs: 0.25.3 (/opt/ros/humble/share/tf2_geometry_msgs/cmake)
-- Found rosidl_generator_c: 3.1.5 (/opt/ros/humble/share/rosidl_generator_c/cmake)
-- Found rosidl_adapter: 3.1.5 (/opt/ros/humble/share/rosidl_adapter/cmake)
-- Found rosidl_generator_cpp: 3.1.5 (/opt/ros/humble/share/rosidl_generator_cpp/cmake)
-- Using all available rosidl_typesupport_c: rosidl_typesupport_fastrtps_c;rosidl_typesupport_introspection_c
-- Using all available rosidl_typesupport_cpp: rosidl_typesupport_fastrtps_cpp;rosidl_typesupport_introspection_cpp
-- Found eigen3_cmake_module: 0.1.1 (/opt/ros/humble/share/eigen3_cmake_module/cmake)
-- Found Eigen3: TRUE (found version "3.4.0") 
-- Ensuring Eigen3 include directory is part of orocos-kdl CMake target
-- Found rmw_implementation_cmake: 6.1.1 (/opt/ros/humble/share/rmw_implementation_cmake/cmake)
-- Found rmw_fastrtps_cpp: 6.2.3 (/opt/ros/humble/share/rmw_fastrtps_cpp/cmake)
-- Found OpenSSL: /usr/lib/x86_64-linux-gnu/libcrypto.so (found version "3.0.2")  
-- Found FastRTPS: /opt/ros/humble/include  
-- Using RMW implementation 'rmw_fastrtps_cpp' as default
-- Performing Test CMAKE_HAVE_LIBC_PTHREAD
-- Performing Test CMAKE_HAVE_LIBC_PTHREAD - Success
-- Found Threads: TRUE  
-- Found ament_lint_auto: 0.12.7 (/opt/ros/humble/share/ament_lint_auto/cmake)
-- Added test 'copyright' to check source files copyright and LICENSE
-- Added test 'cppcheck' to perform static code analysis on C / C++ code
-- Configured cppcheck include dirs: 
-- Configured cppcheck exclude dirs and/or files: 
-- Added test 'cpplint' to check C / C++ code against the Google style
-- Configured cpplint exclude dirs and/or files: 
-- Added test 'flake8' to check Python code syntax and style conventions
-- Added test 'lint_cmake' to check CMake code style
-- Added test 'pep257' to check Python code against some of the docstring style conventions in PEP 257
-- Added test 'uncrustify' to check C / C++ code style
-- Configured uncrustify additional arguments: 
-- Added test 'xmllint' to check XML markup files
-- Configuring done
-- Generating done
-- Build files have been written to: /home/jjgong/learning/tf-urdf/build/hero_description
[ 50%] [32mBuilding CXX object CMakeFiles/FrameListener.dir/src/test.cpp.o[0m
[100%] [32m[1mLinking CXX executable FrameListener[0m
[100%] Built target FrameListener
-- Install configuration: ""
-- Installing: /home/jjgong/learning/tf-urdf/install/hero_description/share/hero_description/launch
-- Installing: /home/jjgong/learning/tf-urdf/install/hero_description/share/hero_description/launch/view_model.launch.py
-- Installing: /home/jjgong/learning/tf-urdf/install/hero_description/share/hero_description/launch/__pycache__
-- Installing: /home/jjgong/learning/tf-urdf/install/hero_description/share/hero_description/launch/__pycache__/view_model.launch.cpython-38.pyc
-- Installing: /home/jjgong/learning/tf-urdf/install/hero_description/share/hero_description/launch/view_model.rviz
-- Installing: /home/jjgong/learning/tf-urdf/install/hero_description/share/hero_description/meshes
-- Installing: /home/jjgong/learning/tf-urdf/install/hero_description/share/hero_description/meshes/camera_link.STL
-- Installing: /home/jjgong/learning/tf-urdf/install/hero_description/share/hero_description/meshes/base_link.STL
-- Installing: /home/jjgong/learning/tf-urdf/install/hero_description/share/hero_description/meshes/imu_link.STL
-- Installing: /home/jjgong/learning/tf-urdf/install/hero_description/share/hero_description/meshes/pitch_link.STL
-- Installing: /home/jjgong/learning/tf-urdf/install/hero_description/share/hero_description/meshes/yaw_link.STL
-- Installing: /home/jjgong/learning/tf-urdf/install/hero_description/share/hero_description/meshes/camera_optical_link.STL
-- Installing: /home/jjgong/learning/tf-urdf/install/hero_description/share/hero_description/meshes/odom_link.STL
-- Installing: /home/jjgong/learning/tf-urdf/install/hero_description/share/hero_description/urdf
-- Installing: /home/jjgong/learning/tf-urdf/install/hero_description/share/hero_description/urdf/hero_description.urdf
-- Installing: /home/jjgong/learning/tf-urdf/install/hero_description/share/ament_index/resource_index/package_run_dependencies/hero_description
-- Installing: /home/jjgong/learning/tf-urdf/install/hero_description/share/ament_index/resource_index/parent_prefix_path/hero_description
-- Installing: /home/jjgong/learning/tf-urdf/install/hero_description/share/hero_description/environment/ament_prefix_path.sh
-- Installing: /home/jjgong/learning/tf-urdf/install/hero_description/share/hero_description/environment/ament_prefix_path.dsv
-- Installing: /home/jjgong/learning/tf-urdf/install/hero_description/share/hero_description/environment/path.sh
-- Installing: /home/jjgong/learning/tf-urdf/install/hero_description/share/hero_description/environment/path.dsv
-- Installing: /home/jjgong/learning/tf-urdf/install/hero_description/share/hero_description/local_setup.bash
-- Installing: /home/jjgong/learning/tf-urdf/install/hero_description/share/hero_description/local_setup.sh
-- Installing: /home/jjgong/learning/tf-urdf/install/hero_description/share/hero_description/local_setup.zsh
-- Installing: /home/jjgong/learning/tf-urdf/install/hero_description/share/hero_description/local_setup.dsv
-- Installing: /home/jjgong/learning/tf-urdf/install/hero_description/share/hero_description/package.dsv
-- Installing: /home/jjgong/learning/tf-urdf/install/hero_description/share/ament_index/resource_index/packages/hero_description
-- Installing: /home/jjgong/learning/tf-urdf/install/hero_description/share/hero_description/cmake/hero_descriptionConfig.cmake
-- Installing: /home/jjgong/learning/tf-urdf/install/hero_description/share/hero_description/cmake/hero_descriptionConfig-version.cmake
-- Installing: /home/jjgong/learning/tf-urdf/install/hero_description/share/hero_description/package.xml
-- Installing: /home/jjgong/learning/tf-urdf/install/hero_description/lib/hero_description/FrameListener
-- Set runtime path of "/home/jjgong/learning/tf-urdf/install/hero_description/lib/hero_description/FrameListener" to ""
