[0.008s] Invoking command in '/home/jjgong/learning/tf-urdf/build/hero_description': CMAKE_PREFIX_PATH=/opt/ros/humble /home/jjgong/.local/bin/cmake /home/jjgong/learning/tf-urdf/src/hero_description -DCMAKE_INSTALL_PREFIX=/home/jjgong/learning/tf-urdf/install/hero_description
[0.078s] -- The C compiler identification is GNU 11.4.0
[0.114s] -- The CXX compiler identification is GNU 11.4.0
[0.122s] -- Detecting C compiler ABI info
[0.156s] -- Detecting C compiler ABI info - done
[0.163s] -- Check for working C compiler: /usr/bin/cc - skipped
[0.164s] -- Detecting C compile features
[0.164s] -- Detecting C compile features - done
[0.166s] -- Detecting CXX compiler ABI info
[0.207s] -- Detecting CXX compiler ABI info - done
[0.214s] -- Check for working CXX compiler: /usr/bin/c++ - skipped
[0.214s] -- Detecting CXX compile features
[0.214s] -- Detecting CXX compile features - done
[0.216s] -- Found ament_cmake: 1.3.5 (/opt/ros/humble/share/ament_cmake/cmake)
[0.550s] -- Found Python3: /usr/bin/python3.10 (found version "3.10.12") found components: Interpreter 
[0.605s] -- Found tf2_geometry_msgs: 0.25.3 (/opt/ros/humble/share/tf2_geometry_msgs/cmake)
[0.633s] -- Found rosidl_generator_c: 3.1.5 (/opt/ros/humble/share/rosidl_generator_c/cmake)
[0.636s] -- Found rosidl_adapter: 3.1.5 (/opt/ros/humble/share/rosidl_adapter/cmake)
[0.642s] -- Found rosidl_generator_cpp: 3.1.5 (/opt/ros/humble/share/rosidl_generator_cpp/cmake)
[0.654s] -- Using all available rosidl_typesupport_c: rosidl_typesupport_fastrtps_c;rosidl_typesupport_introspection_c
[0.669s] -- Using all available rosidl_typesupport_cpp: rosidl_typesupport_fastrtps_cpp;rosidl_typesupport_introspection_cpp
[0.777s] -- Found eigen3_cmake_module: 0.1.1 (/opt/ros/humble/share/eigen3_cmake_module/cmake)
[0.778s] -- Found Eigen3: TRUE (found version "3.4.0") 
[0.778s] -- Ensuring Eigen3 include directory is part of orocos-kdl CMake target
[0.890s] -- Found rmw_implementation_cmake: 6.1.1 (/opt/ros/humble/share/rmw_implementation_cmake/cmake)
[0.892s] -- Found rmw_fastrtps_cpp: 6.2.3 (/opt/ros/humble/share/rmw_fastrtps_cpp/cmake)
[0.967s] -- Found OpenSSL: /usr/lib/x86_64-linux-gnu/libcrypto.so (found version "3.0.2")  
[0.985s] -- Found FastRTPS: /opt/ros/humble/include  
[1.017s] -- Using RMW implementation 'rmw_fastrtps_cpp' as default
[1.024s] -- Performing Test CMAKE_HAVE_LIBC_PTHREAD
[1.063s] -- Performing Test CMAKE_HAVE_LIBC_PTHREAD - Success
[1.064s] -- Found Threads: TRUE  
[1.392s] -- Found ament_lint_auto: 0.12.7 (/opt/ros/humble/share/ament_lint_auto/cmake)
[1.445s] -- Added test 'copyright' to check source files copyright and LICENSE
[1.446s] -- Added test 'cppcheck' to perform static code analysis on C / C++ code
[1.446s] -- Configured cppcheck include dirs: 
[1.446s] -- Configured cppcheck exclude dirs and/or files: 
[1.447s] -- Added test 'cpplint' to check C / C++ code against the Google style
[1.447s] -- Configured cpplint exclude dirs and/or files: 
[1.447s] -- Added test 'flake8' to check Python code syntax and style conventions
[1.447s] -- Added test 'lint_cmake' to check CMake code style
[1.448s] -- Added test 'pep257' to check Python code against some of the docstring style conventions in PEP 257
[1.449s] -- Added test 'uncrustify' to check C / C++ code style
[1.449s] -- Configured uncrustify additional arguments: 
[1.449s] -- Added test 'xmllint' to check XML markup files
[1.451s] -- Configuring done
[1.459s] -- Generating done
[1.461s] -- Build files have been written to: /home/jjgong/learning/tf-urdf/build/hero_description
[1.471s] Invoked command in '/home/jjgong/learning/tf-urdf/build/hero_description' returned '0': CMAKE_PREFIX_PATH=/opt/ros/humble /home/jjgong/.local/bin/cmake /home/jjgong/learning/tf-urdf/src/hero_description -DCMAKE_INSTALL_PREFIX=/home/jjgong/learning/tf-urdf/install/hero_description
[1.473s] Invoking command in '/home/jjgong/learning/tf-urdf/build/hero_description': CMAKE_PREFIX_PATH=/opt/ros/humble /home/jjgong/.local/bin/cmake --build /home/jjgong/learning/tf-urdf/build/hero_description -- -j16 -l16
[1.503s] [ 50%] [32mBuilding CXX object CMakeFiles/FrameListener.dir/src/test.cpp.o[0m
[3.756s] [100%] [32m[1mLinking CXX executable FrameListener[0m
[3.839s] [100%] Built target FrameListener
[3.854s] Invoked command in '/home/jjgong/learning/tf-urdf/build/hero_description' returned '0': CMAKE_PREFIX_PATH=/opt/ros/humble /home/jjgong/.local/bin/cmake --build /home/jjgong/learning/tf-urdf/build/hero_description -- -j16 -l16
[3.906s] Invoking command in '/home/jjgong/learning/tf-urdf/build/hero_description': CMAKE_PREFIX_PATH=/opt/ros/humble /home/jjgong/.local/bin/cmake --install /home/jjgong/learning/tf-urdf/build/hero_description
[3.922s] -- Install configuration: ""
[3.923s] -- Installing: /home/jjgong/learning/tf-urdf/install/hero_description/share/hero_description/launch
[3.923s] -- Installing: /home/jjgong/learning/tf-urdf/install/hero_description/share/hero_description/launch/view_model.launch.py
[3.923s] -- Installing: /home/jjgong/learning/tf-urdf/install/hero_description/share/hero_description/launch/__pycache__
[3.923s] -- Installing: /home/jjgong/learning/tf-urdf/install/hero_description/share/hero_description/launch/__pycache__/view_model.launch.cpython-38.pyc
[3.923s] -- Installing: /home/jjgong/learning/tf-urdf/install/hero_description/share/hero_description/launch/view_model.rviz
[3.923s] -- Installing: /home/jjgong/learning/tf-urdf/install/hero_description/share/hero_description/meshes
[3.923s] -- Installing: /home/jjgong/learning/tf-urdf/install/hero_description/share/hero_description/meshes/camera_link.STL
[3.924s] -- Installing: /home/jjgong/learning/tf-urdf/install/hero_description/share/hero_description/meshes/base_link.STL
[3.924s] -- Installing: /home/jjgong/learning/tf-urdf/install/hero_description/share/hero_description/meshes/imu_link.STL
[3.924s] -- Installing: /home/jjgong/learning/tf-urdf/install/hero_description/share/hero_description/meshes/pitch_link.STL
[3.938s] -- Installing: /home/jjgong/learning/tf-urdf/install/hero_description/share/hero_description/meshes/yaw_link.STL
[3.943s] -- Installing: /home/jjgong/learning/tf-urdf/install/hero_description/share/hero_description/meshes/camera_optical_link.STL
[3.943s] -- Installing: /home/jjgong/learning/tf-urdf/install/hero_description/share/hero_description/meshes/odom_link.STL
[3.943s] -- Installing: /home/jjgong/learning/tf-urdf/install/hero_description/share/hero_description/urdf
[3.943s] -- Installing: /home/jjgong/learning/tf-urdf/install/hero_description/share/hero_description/urdf/hero_description.urdf
[3.943s] -- Installing: /home/jjgong/learning/tf-urdf/install/hero_description/share/ament_index/resource_index/package_run_dependencies/hero_description
[3.943s] -- Installing: /home/jjgong/learning/tf-urdf/install/hero_description/share/ament_index/resource_index/parent_prefix_path/hero_description
[3.943s] -- Installing: /home/jjgong/learning/tf-urdf/install/hero_description/share/hero_description/environment/ament_prefix_path.sh
[3.943s] -- Installing: /home/jjgong/learning/tf-urdf/install/hero_description/share/hero_description/environment/ament_prefix_path.dsv
[3.944s] -- Installing: /home/jjgong/learning/tf-urdf/install/hero_description/share/hero_description/environment/path.sh
[3.944s] -- Installing: /home/jjgong/learning/tf-urdf/install/hero_description/share/hero_description/environment/path.dsv
[3.944s] -- Installing: /home/jjgong/learning/tf-urdf/install/hero_description/share/hero_description/local_setup.bash
[3.944s] -- Installing: /home/jjgong/learning/tf-urdf/install/hero_description/share/hero_description/local_setup.sh
[3.944s] -- Installing: /home/jjgong/learning/tf-urdf/install/hero_description/share/hero_description/local_setup.zsh
[3.944s] -- Installing: /home/jjgong/learning/tf-urdf/install/hero_description/share/hero_description/local_setup.dsv
[3.944s] -- Installing: /home/jjgong/learning/tf-urdf/install/hero_description/share/hero_description/package.dsv
[3.944s] -- Installing: /home/jjgong/learning/tf-urdf/install/hero_description/share/ament_index/resource_index/packages/hero_description
[3.944s] -- Installing: /home/jjgong/learning/tf-urdf/install/hero_description/share/hero_description/cmake/hero_descriptionConfig.cmake
[3.944s] -- Installing: /home/jjgong/learning/tf-urdf/install/hero_description/share/hero_description/cmake/hero_descriptionConfig-version.cmake
[3.944s] -- Installing: /home/jjgong/learning/tf-urdf/install/hero_description/share/hero_description/package.xml
[3.944s] -- Installing: /home/jjgong/learning/tf-urdf/install/hero_description/lib/hero_description/FrameListener
[3.945s] -- Set runtime path of "/home/jjgong/learning/tf-urdf/install/hero_description/lib/hero_description/FrameListener" to ""
[3.949s] Invoked command in '/home/jjgong/learning/tf-urdf/build/hero_description' returned '0': CMAKE_PREFIX_PATH=/opt/ros/humble /home/jjgong/.local/bin/cmake --install /home/jjgong/learning/tf-urdf/build/hero_description
